Release 14.7 Map P.20131013 (nt64)
Xilinx Mapping Report File for Design 'mips'

Design Information
------------------
Command Line   : map -intstyle ise -p xc6slx9-tqg144-3 -w -logic_opt off -ol
high -t 1 -xt 0 -register_duplication off -r 4 -global_opt off -mt off -ir off
-pr off -lc off -power off -o mips_map.ncd mips.ngd mips.pcf 
Target Device  : xc6slx9
Target Package : tqg144
Target Speed   : -3
Mapper Version : spartan6 -- $Revision: 1.55 $
Mapped Date    : Fri Jul 31 23:01:11 2020

Design Summary
--------------
Number of errors:      0
Number of warnings:    4
Slice Logic Utilization:
  Number of Slice Registers:                   147 out of  11,440    1%
    Number used as Flip Flops:                 142
    Number used as Latches:                      5
    Number used as Latch-thrus:                  0
    Number used as AND/OR logics:                0
  Number of Slice LUTs:                        294 out of   5,720    5%
    Number used as logic:                      227 out of   5,720    3%
      Number using O6 output only:             198
      Number using O5 output only:               3
      Number using O5 and O6:                   26
      Number used as ROM:                        0
    Number used as Memory:                      64 out of   1,440    4%
      Number used as Dual Port RAM:              0
      Number used as Single Port RAM:           64
        Number using O6 output only:            64
        Number using O5 output only:             0
        Number using O5 and O6:                  0
      Number used as Shift Register:             0
    Number used exclusively as route-thrus:      3
      Number with same-slice register load:      2
      Number with same-slice carry load:         1
      Number with other load:                    0

Slice Logic Distribution:
  Number of occupied Slices:                   159 out of   1,430   11%
  Number of MUXCYs used:                        60 out of   2,860    2%
  Number of LUT Flip Flop pairs used:          368
    Number with an unused Flip Flop:           228 out of     368   61%
    Number with an unused LUT:                  74 out of     368   20%
    Number of fully used LUT-FF pairs:          66 out of     368   17%
    Number of unique control sets:              10
    Number of slice register sites lost
      to control set restrictions:              29 out of  11,440    1%

  A LUT Flip Flop pair for this architecture represents one LUT paired with
  one Flip Flop within a slice.  A control set is a unique combination of
  clock, reset, set, and enable signals for a registered element.
  The Slice Logic Distribution report is not meaningful if the design is
  over-mapped for a non-slice resource or if Placement fails.

IO Utilization:
  Number of bonded IOBs:                        33 out of     102   32%
    Number of LOCed IOBs:                        1 out of      33    3%

Specific Feature Utilization:
  Number of RAMB16BWERs:                         0 out of      32    0%
  Number of RAMB8BWERs:                          0 out of      64    0%
  Number of BUFIO2/BUFIO2_2CLKs:                 0 out of      32    0%
  Number of BUFIO2FB/BUFIO2FB_2CLKs:             0 out of      32    0%
  Number of BUFG/BUFGMUXs:                       1 out of      16    6%
    Number used as BUFGs:                        1
    Number used as BUFGMUX:                      0
  Number of DCM/DCM_CLKGENs:                     0 out of       4    0%
  Number of ILOGIC2/ISERDES2s:                   0 out of     200    0%
  Number of IODELAY2/IODRP2/IODRP2_MCBs:         0 out of     200    0%
  Number of OLOGIC2/OSERDES2s:                   0 out of     200    0%
  Number of BSCANs:                              0 out of       4    0%
  Number of BUFHs:                               0 out of     128    0%
  Number of BUFPLLs:                             0 out of       8    0%
  Number of BUFPLL_MCBs:                         0 out of       4    0%
  Number of DSP48A1s:                            0 out of      16    0%
  Number of ICAPs:                               0 out of       1    0%
  Number of MCBs:                                0 out of       2    0%
  Number of PCILOGICSEs:                         0 out of       2    0%
  Number of PLL_ADVs:                            0 out of       2    0%
  Number of PMVs:                                0 out of       1    0%
  Number of STARTUPs:                            0 out of       1    0%
  Number of SUSPEND_SYNCs:                       0 out of       1    0%

Average Fanout of Non-Clock Nets:                4.21

Peak Memory Usage:  4533 MB
Total REAL time to MAP completion:  20 secs 
Total CPU time to MAP completion:   19 secs 

Table of Contents
-----------------
Section 1 - Errors
Section 2 - Warnings
Section 3 - Informational
Section 4 - Removed Logic Summary
Section 5 - Removed Logic
Section 6 - IOB Properties
Section 7 - RPMs
Section 8 - Guide Report
Section 9 - Area Group and Partition Summary
Section 10 - Timing Report
Section 11 - Configuration String Information
Section 12 - Control Set Information
Section 13 - Utilization by Hierarchy

Section 1 - Errors
------------------

Section 2 - Warnings
--------------------
WARNING:PhysDesignRules:372 - Gated clock. Clock net control/MemtoReg_G is
   sourced by a combinatorial pin. This is not good design practice. Use the CE
   pin to control the loading of data into the flip-flop.
WARNING:PhysDesignRules:372 - Gated clock. Clock net ALU_ctrl/op_2_G is sourced
   by a combinatorial pin. This is not good design practice. Use the CE pin to
   control the loading of data into the flip-flop.
WARNING:PhysDesignRules:372 - Gated clock. Clock net control/Branch_G is sourced
   by a combinatorial pin. This is not good design practice. Use the CE pin to
   control the loading of data into the flip-flop.
WARNING:PhysDesignRules:372 - Gated clock. Clock net control/RegDst_G is sourced
   by a combinatorial pin. This is not good design practice. Use the CE pin to
   control the loading of data into the flip-flop.

Section 3 - Informational
-------------------------
INFO:MapLib:562 - No environment variables are currently set.
INFO:LIT:244 - All of the single ended outputs in this design are using slew
   rate limited output drivers. The delay on speed critical single ended outputs
   can be dramatically reduced by designating them as fast outputs.
INFO:Pack:1716 - Initializing temperature to 85.000 Celsius. (default - Range:
   0.000 to 85.000 Celsius)
INFO:Pack:1720 - Initializing voltage to 1.140 Volts. (default - Range: 1.140 to
   1.260 Volts)
INFO:Map:215 - The Interim Design Summary has been generated in the MAP Report
   (.mrp).
INFO:Place:834 - Only a subset of IOs are locked. Out of 33 IOs, 1 are locked
   and 32 are not locked. If you would like to print the names of these IOs,
   please set the environment variable XIL_PAR_DESIGN_CHECK_VERBOSE to 1. 
INFO:Pack:1650 - Map created a placed design.

Section 4 - Removed Logic Summary
---------------------------------
  48 block(s) removed
   2 block(s) optimized away
  48 signal(s) removed

Section 5 - Removed Logic
-------------------------

The trimmed logic reported below is either:
   1. part of a cycle
   2. part of disabled logic
   3. a side-effect of other trimmed logic

The signal "ALU/Mcompar_data_0[31]_data_1[31]_LessThan_1_o_cy<15>" is unused and
has been removed.
 Unused block "ALU/Mcompar_data_0[31]_data_1[31]_LessThan_1_o_cy<15>" (MUX)
removed.
  The signal "ALU/Mcompar_data_0[31]_data_1[31]_LessThan_1_o_cy<14>" is unused and
has been removed.
   Unused block "ALU/Mcompar_data_0[31]_data_1[31]_LessThan_1_o_cy<14>" (MUX)
removed.
    The signal "ALU/Mcompar_data_0[31]_data_1[31]_LessThan_1_o_cy<13>" is unused and
has been removed.
     Unused block "ALU/Mcompar_data_0[31]_data_1[31]_LessThan_1_o_cy<13>" (MUX)
removed.
      The signal "ALU/Mcompar_data_0[31]_data_1[31]_LessThan_1_o_cy<12>" is unused and
has been removed.
       Unused block "ALU/Mcompar_data_0[31]_data_1[31]_LessThan_1_o_cy<12>" (MUX)
removed.
        The signal "ALU/Mcompar_data_0[31]_data_1[31]_LessThan_1_o_cy<11>" is unused and
has been removed.
         Unused block "ALU/Mcompar_data_0[31]_data_1[31]_LessThan_1_o_cy<11>" (MUX)
removed.
          The signal "ALU/Mcompar_data_0[31]_data_1[31]_LessThan_1_o_cy<10>" is unused and
has been removed.
           Unused block "ALU/Mcompar_data_0[31]_data_1[31]_LessThan_1_o_cy<10>" (MUX)
removed.
            The signal "ALU/Mcompar_data_0[31]_data_1[31]_LessThan_1_o_cy<9>" is unused and
has been removed.
             Unused block "ALU/Mcompar_data_0[31]_data_1[31]_LessThan_1_o_cy<9>" (MUX)
removed.
              The signal "ALU/Mcompar_data_0[31]_data_1[31]_LessThan_1_o_cy<8>" is unused and
has been removed.
               Unused block "ALU/Mcompar_data_0[31]_data_1[31]_LessThan_1_o_cy<8>" (MUX)
removed.
                The signal "ALU/Mcompar_data_0[31]_data_1[31]_LessThan_1_o_cy<7>" is unused and
has been removed.
                 Unused block "ALU/Mcompar_data_0[31]_data_1[31]_LessThan_1_o_cy<7>" (MUX)
removed.
                  The signal "ALU/Mcompar_data_0[31]_data_1[31]_LessThan_1_o_cy<6>" is unused and
has been removed.
                   Unused block "ALU/Mcompar_data_0[31]_data_1[31]_LessThan_1_o_cy<6>" (MUX)
removed.
                    The signal "ALU/Mcompar_data_0[31]_data_1[31]_LessThan_1_o_cy<5>" is unused and
has been removed.
                     Unused block "ALU/Mcompar_data_0[31]_data_1[31]_LessThan_1_o_cy<5>" (MUX)
removed.
                      The signal "ALU/Mcompar_data_0[31]_data_1[31]_LessThan_1_o_cy<4>" is unused and
has been removed.
                       Unused block "ALU/Mcompar_data_0[31]_data_1[31]_LessThan_1_o_cy<4>" (MUX)
removed.
                        The signal "ALU/Mcompar_data_0[31]_data_1[31]_LessThan_1_o_cy<3>" is unused and
has been removed.
                         Unused block "ALU/Mcompar_data_0[31]_data_1[31]_LessThan_1_o_cy<3>" (MUX)
removed.
                          The signal "ALU/Mcompar_data_0[31]_data_1[31]_LessThan_1_o_cy<2>" is unused and
has been removed.
                           Unused block "ALU/Mcompar_data_0[31]_data_1[31]_LessThan_1_o_cy<2>" (MUX)
removed.
                            The signal "ALU/Mcompar_data_0[31]_data_1[31]_LessThan_1_o_cy<1>" is unused and
has been removed.
                             Unused block "ALU/Mcompar_data_0[31]_data_1[31]_LessThan_1_o_cy<1>" (MUX)
removed.
                              The signal "ALU/Mcompar_data_0[31]_data_1[31]_LessThan_1_o_cy<0>" is unused and
has been removed.
                               Unused block "ALU/Mcompar_data_0[31]_data_1[31]_LessThan_1_o_cy<0>" (MUX)
removed.
                                The signal "ALU/Mcompar_data_0[31]_data_1[31]_LessThan_1_o_lutdi" is unused and
has been removed.
                                 Unused block "ALU/Mcompar_data_0[31]_data_1[31]_LessThan_1_o_lutdi" (ROM)
removed.
                                The signal "ALU/Mcompar_data_0[31]_data_1[31]_LessThan_1_o_lut<0>" is unused and
has been removed.
                                 Unused block "ALU/Mcompar_data_0[31]_data_1[31]_LessThan_1_o_lut<0>" (ROM)
removed.
                              The signal "ALU/Mcompar_data_0[31]_data_1[31]_LessThan_1_o_lutdi1" is unused and
has been removed.
                               Unused block "ALU/Mcompar_data_0[31]_data_1[31]_LessThan_1_o_lutdi1" (ROM)
removed.
                              The signal "ALU/Mcompar_data_0[31]_data_1[31]_LessThan_1_o_lut<1>" is unused and
has been removed.
                               Unused block "ALU/Mcompar_data_0[31]_data_1[31]_LessThan_1_o_lut<1>" (ROM)
removed.
                            The signal "ALU/Mcompar_data_0[31]_data_1[31]_LessThan_1_o_lutdi2" is unused and
has been removed.
                             Unused block "ALU/Mcompar_data_0[31]_data_1[31]_LessThan_1_o_lutdi2" (ROM)
removed.
                            The signal "ALU/Mcompar_data_0[31]_data_1[31]_LessThan_1_o_lut<2>" is unused and
has been removed.
                             Unused block "ALU/Mcompar_data_0[31]_data_1[31]_LessThan_1_o_lut<2>" (ROM)
removed.
                          The signal "ALU/Mcompar_data_0[31]_data_1[31]_LessThan_1_o_lutdi3" is unused and
has been removed.
                           Unused block "ALU/Mcompar_data_0[31]_data_1[31]_LessThan_1_o_lutdi3" (ROM)
removed.
                          The signal "ALU/Mcompar_data_0[31]_data_1[31]_LessThan_1_o_lut<3>" is unused and
has been removed.
                           Unused block "ALU/Mcompar_data_0[31]_data_1[31]_LessThan_1_o_lut<3>" (ROM)
removed.
                        The signal "ALU/Mcompar_data_0[31]_data_1[31]_LessThan_1_o_lutdi4" is unused and
has been removed.
                         Unused block "ALU/Mcompar_data_0[31]_data_1[31]_LessThan_1_o_lutdi4" (ROM)
removed.
                        The signal "ALU/Mcompar_data_0[31]_data_1[31]_LessThan_1_o_lut<4>" is unused and
has been removed.
                         Unused block "ALU/Mcompar_data_0[31]_data_1[31]_LessThan_1_o_lut<4>" (ROM)
removed.
                      The signal "ALU/Mcompar_data_0[31]_data_1[31]_LessThan_1_o_lutdi5" is unused and
has been removed.
                       Unused block "ALU/Mcompar_data_0[31]_data_1[31]_LessThan_1_o_lutdi5" (ROM)
removed.
                      The signal "ALU/Mcompar_data_0[31]_data_1[31]_LessThan_1_o_lut<5>" is unused and
has been removed.
                       Unused block "ALU/Mcompar_data_0[31]_data_1[31]_LessThan_1_o_lut<5>" (ROM)
removed.
                    The signal "ALU/Mcompar_data_0[31]_data_1[31]_LessThan_1_o_lutdi6" is unused and
has been removed.
                     Unused block "ALU/Mcompar_data_0[31]_data_1[31]_LessThan_1_o_lutdi6" (ROM)
removed.
                    The signal "ALU/Mcompar_data_0[31]_data_1[31]_LessThan_1_o_lut<6>" is unused and
has been removed.
                     Unused block "ALU/Mcompar_data_0[31]_data_1[31]_LessThan_1_o_lut<6>" (ROM)
removed.
                  The signal "ALU/Mcompar_data_0[31]_data_1[31]_LessThan_1_o_lutdi7" is unused and
has been removed.
                   Unused block "ALU/Mcompar_data_0[31]_data_1[31]_LessThan_1_o_lutdi7" (ROM)
removed.
                  The signal "ALU/Mcompar_data_0[31]_data_1[31]_LessThan_1_o_lut<7>" is unused and
has been removed.
                   Unused block "ALU/Mcompar_data_0[31]_data_1[31]_LessThan_1_o_lut<7>" (ROM)
removed.
                The signal "ALU/Mcompar_data_0[31]_data_1[31]_LessThan_1_o_lutdi8" is unused and
has been removed.
                 Unused block "ALU/Mcompar_data_0[31]_data_1[31]_LessThan_1_o_lutdi8" (ROM)
removed.
                The signal "ALU/Mcompar_data_0[31]_data_1[31]_LessThan_1_o_lut<8>" is unused and
has been removed.
                 Unused block "ALU/Mcompar_data_0[31]_data_1[31]_LessThan_1_o_lut<8>" (ROM)
removed.
              The signal "ALU/Mcompar_data_0[31]_data_1[31]_LessThan_1_o_lutdi9" is unused and
has been removed.
               Unused block "ALU/Mcompar_data_0[31]_data_1[31]_LessThan_1_o_lutdi9" (ROM)
removed.
              The signal "ALU/Mcompar_data_0[31]_data_1[31]_LessThan_1_o_lut<9>" is unused and
has been removed.
               Unused block "ALU/Mcompar_data_0[31]_data_1[31]_LessThan_1_o_lut<9>" (ROM)
removed.
            The signal "ALU/Mcompar_data_0[31]_data_1[31]_LessThan_1_o_lutdi10" is unused
and has been removed.
             Unused block "ALU/Mcompar_data_0[31]_data_1[31]_LessThan_1_o_lutdi10" (ROM)
removed.
            The signal "ALU/Mcompar_data_0[31]_data_1[31]_LessThan_1_o_lut<10>" is unused
and has been removed.
             Unused block "ALU/Mcompar_data_0[31]_data_1[31]_LessThan_1_o_lut<10>" (ROM)
removed.
          The signal "ALU/Mcompar_data_0[31]_data_1[31]_LessThan_1_o_lutdi11" is unused
and has been removed.
           Unused block "ALU/Mcompar_data_0[31]_data_1[31]_LessThan_1_o_lutdi11" (ROM)
removed.
          The signal "ALU/Mcompar_data_0[31]_data_1[31]_LessThan_1_o_lut<11>" is unused
and has been removed.
           Unused block "ALU/Mcompar_data_0[31]_data_1[31]_LessThan_1_o_lut<11>" (ROM)
removed.
        The signal "ALU/Mcompar_data_0[31]_data_1[31]_LessThan_1_o_lutdi12" is unused
and has been removed.
         Unused block "ALU/Mcompar_data_0[31]_data_1[31]_LessThan_1_o_lutdi12" (ROM)
removed.
        The signal "ALU/Mcompar_data_0[31]_data_1[31]_LessThan_1_o_lut<12>" is unused
and has been removed.
         Unused block "ALU/Mcompar_data_0[31]_data_1[31]_LessThan_1_o_lut<12>" (ROM)
removed.
      The signal "ALU/Mcompar_data_0[31]_data_1[31]_LessThan_1_o_lutdi13" is unused
and has been removed.
       Unused block "ALU/Mcompar_data_0[31]_data_1[31]_LessThan_1_o_lutdi13" (ROM)
removed.
      The signal "ALU/Mcompar_data_0[31]_data_1[31]_LessThan_1_o_lut<13>" is unused
and has been removed.
       Unused block "ALU/Mcompar_data_0[31]_data_1[31]_LessThan_1_o_lut<13>" (ROM)
removed.
    The signal "ALU/Mcompar_data_0[31]_data_1[31]_LessThan_1_o_lutdi14" is unused
and has been removed.
     Unused block "ALU/Mcompar_data_0[31]_data_1[31]_LessThan_1_o_lutdi14" (ROM)
removed.
    The signal "ALU/Mcompar_data_0[31]_data_1[31]_LessThan_1_o_lut<14>" is unused
and has been removed.
     Unused block "ALU/Mcompar_data_0[31]_data_1[31]_LessThan_1_o_lut<14>" (ROM)
removed.
  The signal "ALU/Mcompar_data_0[31]_data_1[31]_LessThan_1_o_lutdi15" is unused
and has been removed.
   Unused block "ALU/Mcompar_data_0[31]_data_1[31]_LessThan_1_o_lutdi15" (ROM)
removed.
  The signal "ALU/Mcompar_data_0[31]_data_1[31]_LessThan_1_o_lut<15>" is unused
and has been removed.
   Unused block "ALU/Mcompar_data_0[31]_data_1[31]_LessThan_1_o_lut<15>" (ROM)
removed.

Optimized Block(s):
TYPE 		BLOCK
GND 		XST_GND
VCC 		XST_VCC

To enable printing of redundant blocks removed and signals merged, set the
detailed map report option and rerun map.

Section 6 - IOB Properties
--------------------------

+---------------------------------------------------------------------------------------------------------------------------------------------------------+
| IOB Name                           | Type             | Direction | IO Standard          | Diff  | Drive    | Slew | Reg (s)      | Resistor | IOB      |
|                                    |                  |           |                      | Term  | Strength | Rate |              |          | Delay    |
+---------------------------------------------------------------------------------------------------------------------------------------------------------+
| clock                              | IOB              | INPUT     | LVCMOS33             |       |          |      |              |          |          |
| wire_DM<0>                         | IOB              | OUTPUT    | LVCMOS25             |       | 12       | SLOW |              |          |          |
| wire_DM<1>                         | IOB              | OUTPUT    | LVCMOS25             |       | 12       | SLOW |              |          |          |
| wire_DM<2>                         | IOB              | OUTPUT    | LVCMOS25             |       | 12       | SLOW |              |          |          |
| wire_DM<3>                         | IOB              | OUTPUT    | LVCMOS25             |       | 12       | SLOW |              |          |          |
| wire_DM<4>                         | IOB              | OUTPUT    | LVCMOS25             |       | 12       | SLOW |              |          |          |
| wire_DM<5>                         | IOB              | OUTPUT    | LVCMOS25             |       | 12       | SLOW |              |          |          |
| wire_DM<6>                         | IOB              | OUTPUT    | LVCMOS25             |       | 12       | SLOW |              |          |          |
| wire_DM<7>                         | IOB              | OUTPUT    | LVCMOS25             |       | 12       | SLOW |              |          |          |
| wire_DM<8>                         | IOB              | OUTPUT    | LVCMOS25             |       | 12       | SLOW |              |          |          |
| wire_DM<9>                         | IOB              | OUTPUT    | LVCMOS25             |       | 12       | SLOW |              |          |          |
| wire_DM<10>                        | IOB              | OUTPUT    | LVCMOS25             |       | 12       | SLOW |              |          |          |
| wire_DM<11>                        | IOB              | OUTPUT    | LVCMOS25             |       | 12       | SLOW |              |          |          |
| wire_DM<12>                        | IOB              | OUTPUT    | LVCMOS25             |       | 12       | SLOW |              |          |          |
| wire_DM<13>                        | IOB              | OUTPUT    | LVCMOS25             |       | 12       | SLOW |              |          |          |
| wire_DM<14>                        | IOB              | OUTPUT    | LVCMOS25             |       | 12       | SLOW |              |          |          |
| wire_DM<15>                        | IOB              | OUTPUT    | LVCMOS25             |       | 12       | SLOW |              |          |          |
| wire_DM<16>                        | IOB              | OUTPUT    | LVCMOS25             |       | 12       | SLOW |              |          |          |
| wire_DM<17>                        | IOB              | OUTPUT    | LVCMOS25             |       | 12       | SLOW |              |          |          |
| wire_DM<18>                        | IOB              | OUTPUT    | LVCMOS25             |       | 12       | SLOW |              |          |          |
| wire_DM<19>                        | IOB              | OUTPUT    | LVCMOS25             |       | 12       | SLOW |              |          |          |
| wire_DM<20>                        | IOB              | OUTPUT    | LVCMOS25             |       | 12       | SLOW |              |          |          |
| wire_DM<21>                        | IOB              | OUTPUT    | LVCMOS25             |       | 12       | SLOW |              |          |          |
| wire_DM<22>                        | IOB              | OUTPUT    | LVCMOS25             |       | 12       | SLOW |              |          |          |
| wire_DM<23>                        | IOB              | OUTPUT    | LVCMOS25             |       | 12       | SLOW |              |          |          |
| wire_DM<24>                        | IOB              | OUTPUT    | LVCMOS25             |       | 12       | SLOW |              |          |          |
| wire_DM<25>                        | IOB              | OUTPUT    | LVCMOS25             |       | 12       | SLOW |              |          |          |
| wire_DM<26>                        | IOB              | OUTPUT    | LVCMOS25             |       | 12       | SLOW |              |          |          |
| wire_DM<27>                        | IOB              | OUTPUT    | LVCMOS25             |       | 12       | SLOW |              |          |          |
| wire_DM<28>                        | IOB              | OUTPUT    | LVCMOS25             |       | 12       | SLOW |              |          |          |
| wire_DM<29>                        | IOB              | OUTPUT    | LVCMOS25             |       | 12       | SLOW |              |          |          |
| wire_DM<30>                        | IOB              | OUTPUT    | LVCMOS25             |       | 12       | SLOW |              |          |          |
| wire_DM<31>                        | IOB              | OUTPUT    | LVCMOS25             |       | 12       | SLOW |              |          |          |
+---------------------------------------------------------------------------------------------------------------------------------------------------------+

Section 7 - RPMs
----------------

Section 8 - Guide Report
------------------------
Guide not run on this design.

Section 9 - Area Group and Partition Summary
--------------------------------------------

Partition Implementation Status
-------------------------------

  No Partitions were found in this design.

-------------------------------

Area Group Information
----------------------

  No area groups were found in this design.

----------------------

Section 10 - Timing Report
--------------------------
A logic-level (pre-route) timing report can be generated by using Xilinx static
timing analysis tools, Timing Analyzer (GUI) or TRCE (command line), with the
mapped NCD and PCF files. Please note that this timing report will be generated
using estimated delay information. For accurate numbers, please generate a
timing report with the post Place and Route NCD file.

For more information about the Timing Analyzer, consult the Xilinx Timing
Analyzer Reference Manual; for more information about TRCE, consult the Xilinx
Command Line Tools User Guide "TRACE" chapter.

Section 11 - Configuration String Details
-----------------------------------------
Use the "-detail" map option to print out Configuration Strings

Section 12 - Control Set Information
------------------------------------
Use the "-detail" map option to print out Control Set Information.

Section 13 - Utilization by Hierarchy
-------------------------------------
Use the "-detail" map option to print out the Utilization by Hierarchy section.
